INFO -  Checking System Description Files
INFO -   System description checker passed for 1_node_8_A100_NGC21.05_MXNet
INFO -   System description checker passed for 1_node_8_A100_PaddlePaddle
INFO - ------------------------------
INFO -  Running compliance checks in dir /data/zengjinle_container/mlperf_submit_2/v1.0/results/1_node_8_A100_PaddlePaddle/resnet
INFO -  System 1_node_8_A100_PaddlePaddle
INFO -  Benchmark resnet
INFO - ------------------------------
INFO - ------------------------------
INFO - Run 1/5
INFO - Running compliance on file: /data/zengjinle_container/mlperf_submit_2/v1.0/results/1_node_8_A100_PaddlePaddle/resnet/result_0.txt
INFO -  Compliance checks: training_1.1.0/common.yaml
INFO -  Compliance checks: training_1.1.0/closed_common.yaml
INFO -  Compliance checks: training_1.1.0/closed_resnet.yaml
INFO -  Compliance checks: training_1.1.0/closed_resnet_lars.yaml
WARNING -   Warning: Failed weights initialization check (can be ignored for 1.1.0)
INFO - ------------------------------
INFO - Run 2/5
INFO - Running compliance on file: /data/zengjinle_container/mlperf_submit_2/v1.0/results/1_node_8_A100_PaddlePaddle/resnet/result_1.txt
INFO -  Compliance checks: training_1.1.0/common.yaml
INFO -  Compliance checks: training_1.1.0/closed_common.yaml
INFO -  Compliance checks: training_1.1.0/closed_resnet.yaml
INFO -  Compliance checks: training_1.1.0/closed_resnet_lars.yaml
WARNING -   Warning: Failed weights initialization check (can be ignored for 1.1.0)
INFO - ------------------------------
INFO - Run 3/5
INFO - Running compliance on file: /data/zengjinle_container/mlperf_submit_2/v1.0/results/1_node_8_A100_PaddlePaddle/resnet/result_2.txt
INFO -  Compliance checks: training_1.1.0/common.yaml
INFO -  Compliance checks: training_1.1.0/closed_common.yaml
INFO -  Compliance checks: training_1.1.0/closed_resnet.yaml
INFO -  Compliance checks: training_1.1.0/closed_resnet_lars.yaml
WARNING -   Warning: Failed weights initialization check (can be ignored for 1.1.0)
INFO - ------------------------------
INFO - Run 4/5
INFO - Running compliance on file: /data/zengjinle_container/mlperf_submit_2/v1.0/results/1_node_8_A100_PaddlePaddle/resnet/result_3.txt
INFO -  Compliance checks: training_1.1.0/common.yaml
INFO -  Compliance checks: training_1.1.0/closed_common.yaml
INFO -  Compliance checks: training_1.1.0/closed_resnet.yaml
INFO -  Compliance checks: training_1.1.0/closed_resnet_lars.yaml
WARNING -   Warning: Failed weights initialization check (can be ignored for 1.1.0)
------------------------------
Failed checks for eval_accuracy : v['value'] >= 0.7590 and v['value'] < 1.0
INFO - ------------------------------
INFO - Run 5/5
INFO - Running compliance on file: /data/zengjinle_container/mlperf_submit_2/v1.0/results/1_node_8_A100_PaddlePaddle/resnet/result_4.txt
INFO -  Compliance checks: training_1.1.0/common.yaml
INFO -  Compliance checks: training_1.1.0/closed_common.yaml
INFO -  Compliance checks: training_1.1.0/closed_resnet.yaml
INFO -  Compliance checks: training_1.1.0/closed_resnet_lars.yaml
WARNING -   Warning: Failed weights initialization check (can be ignored for 1.1.0)
WARNING -  1 file does not comply, accepting this under olympic scoring
INFO - ------------------------------
INFO -  Running Seed Checker
INFO - ------------------------------
INFO -  Running RCP Checker
INFO - ------------------------------
INFO -  RCP Record: {'Benchmark': 'resnet', 'BS': 3264, 'Hyperparams': {'optimizer': 'lars', 'opt_base_learning_rate': 10.5, 'opt_learning_rate_warmup_epochs': 2, 'opt_momentum': 0.9, 'opt_weight_decay': 5e-05, 'opt_learning_rate_decay_steps': 14523, 'model_bn_span': 204}, 'Epochs to converge': [34, 34, 35, 35, 35, 35, 35, 35, 35, 35, 35, 36, 36, 36, 37], 'RCP Mean': 35.15384615384615, 'RCP Stdev': 0.532938710021193, 'Max Speedup': 1.017399817395548}
INFO -  Submission mean epochs: 35.0000
INFO - RCP Test Passed: RCP found
INFO - ------------------------------
INFO - ------------------------------
INFO -  Running compliance checks in dir /data/zengjinle_container/mlperf_submit_2/v1.0/results/1_node_8_A100_NGC21.05_MXNet/resnet
INFO -  System 1_node_8_A100_NGC21.05_MXNet
INFO -  Benchmark resnet
INFO - ------------------------------
INFO - ------------------------------
INFO - Run 1/5
INFO - Running compliance on file: /data/zengjinle_container/mlperf_submit_2/v1.0/results/1_node_8_A100_NGC21.05_MXNet/resnet/result_0.txt
INFO -  Compliance checks: training_1.1.0/common.yaml
INFO -  Compliance checks: training_1.1.0/closed_common.yaml
INFO -  Compliance checks: training_1.1.0/closed_resnet.yaml
INFO -  Compliance checks: training_1.1.0/closed_resnet_lars.yaml
INFO - ------------------------------
INFO - Run 2/5
INFO - Running compliance on file: /data/zengjinle_container/mlperf_submit_2/v1.0/results/1_node_8_A100_NGC21.05_MXNet/resnet/result_1.txt
INFO -  Compliance checks: training_1.1.0/common.yaml
INFO -  Compliance checks: training_1.1.0/closed_common.yaml
INFO -  Compliance checks: training_1.1.0/closed_resnet.yaml
INFO -  Compliance checks: training_1.1.0/closed_resnet_lars.yaml
INFO - ------------------------------
INFO - Run 3/5
INFO - Running compliance on file: /data/zengjinle_container/mlperf_submit_2/v1.0/results/1_node_8_A100_NGC21.05_MXNet/resnet/result_2.txt
INFO -  Compliance checks: training_1.1.0/common.yaml
INFO -  Compliance checks: training_1.1.0/closed_common.yaml
INFO -  Compliance checks: training_1.1.0/closed_resnet.yaml
INFO -  Compliance checks: training_1.1.0/closed_resnet_lars.yaml
INFO - ------------------------------
INFO - Run 4/5
INFO - Running compliance on file: /data/zengjinle_container/mlperf_submit_2/v1.0/results/1_node_8_A100_NGC21.05_MXNet/resnet/result_3.txt
INFO -  Compliance checks: training_1.1.0/common.yaml
INFO -  Compliance checks: training_1.1.0/closed_common.yaml
INFO -  Compliance checks: training_1.1.0/closed_resnet.yaml
INFO -  Compliance checks: training_1.1.0/closed_resnet_lars.yaml
INFO - ------------------------------
INFO - Run 5/5
INFO - Running compliance on file: /data/zengjinle_container/mlperf_submit_2/v1.0/results/1_node_8_A100_NGC21.05_MXNet/resnet/result_4.txt
INFO -  Compliance checks: training_1.1.0/common.yaml
INFO -  Compliance checks: training_1.1.0/closed_common.yaml
INFO -  Compliance checks: training_1.1.0/closed_resnet.yaml
INFO -  Compliance checks: training_1.1.0/closed_resnet_lars.yaml
WARNING -  Failed checks for eval_accuracy : v['value'] >= 0.7590 and v['value'] < 1.0
WARNING -  1 file does not comply, accepting this under olympic scoring
INFO - ------------------------------
INFO -  Running Seed Checker
INFO - ------------------------------
INFO -  Running RCP Checker
INFO - ------------------------------
INFO -  RCP Record: {'Benchmark': 'resnet', 'BS': 3264, 'Hyperparams': {'optimizer': 'lars', 'opt_base_learning_rate': 10.5, 'opt_learning_rate_warmup_epochs': 2, 'opt_momentum': 0.9, 'opt_weight_decay': 5e-05, 'opt_learning_rate_decay_steps': 14523, 'model_bn_span': 204}, 'Epochs to converge': [34, 34, 35, 35, 35, 35, 35, 35, 35, 35, 35, 36, 36, 36, 37], 'RCP Mean': 35.15384615384615, 'RCP Stdev': 0.532938710021193, 'Max Speedup': 1.017399817395548}
INFO -  Submission mean epochs: 35.0000
INFO - RCP Test Passed: RCP found
INFO - ------------------------------
INFO - ------------------------------
INFO - PACKAGE CHECKER FOUND NO ERRORS, SUCCESS !
INFO - ------------------------------

** Detailed log output is also at package_checker.log
WARNING:root: Failed checks for eval_accuracy : v['value'] >= 0.7590 and v['value'] < 1.0
WARNING:root: Failed checks for eval_accuracy : v['value'] >= 0.7590 and v['value'] < 1.0
Compliance check failed in /data/zengjinle_container/mlperf_submit_2/v1.0/results/1_node_8_A100_PaddlePaddle/resnet/result_3.txt
NOTICE: Dropping non-converged run(s) for Baidu 1_node_8_A100_PaddlePaddle/resnet using olympic scoring.
Compliance check failed in /data/zengjinle_container/mlperf_submit_2/v1.0/results/1_node_8_A100_NGC21.05_MXNet/resnet/result_4.txt
NOTICE: Dropping non-converged run(s) for Baidu 1_node_8_A100_NGC21.05_MXNet/resnet using olympic scoring.
Strong Scaling Scores:
  division availability submitter                        system  \
0   closed         None     Baidu  1_node_8_A100_NGC21.05_MXNet   
1   closed         None     Baidu    1_node_8_A100_PaddlePaddle   

         host_processor_model_name  host_processors_count  \
0  Intel(R) Xeon(R) Platinum 8350C                      2   
1  Intel(R) Xeon(R) Platinum 8350C                      2   

         accelerator_model_name  accelerators_count  \
0  NVIDIA A100-SXM4-80GB (400W)                   8   
1  NVIDIA A100-SXM4-80GB (400W)                   8   

                                           framework  bert  dlrm  maskrcnn  \
0                         MXNet NVIDIA Release 21.05   NaN   NaN       NaN   
1  PaddlePaddle (branch: develop, commitID: 605e7f0)   NaN   NaN       NaN   

   minigo     resnet  ssd  rnnt  unet3d  \
0     NaN  28.604694  NaN   NaN     NaN   
1     NaN  28.612950  NaN   NaN     NaN   

                                                                                                      details_url  \
0  https://github.com/mlcommons/training_results_v1.1/blob/master/Baidu/systems/1_node_8_A100_NGC21.05_MXNet.json   
1    https://github.com/mlcommons/training_results_v1.1/blob/master/Baidu/systems/1_node_8_A100_PaddlePaddle.json   

                                                                          code_url  
0  https://github.com/mlcommons/training_results_v1.1/blob/master/Baidu/benchmarks  
1  https://github.com/mlcommons/training_results_v1.1/blob/master/Baidu/benchmarks  
