INFO -  Checking System Description Files
INFO -   System description checker passed for dgxa100_n128_pytorch
INFO - ------------------------------
INFO -  Running compliance checks in dir /home/k.myeong-woo/github_samsung/training_results_v1.1_temp/Samsung/results/dgxa100_n128_pytorch/bert
INFO -  System dgxa100_n128_pytorch
INFO -  Benchmark bert
INFO - ------------------------------
INFO - ------------------------------
INFO - Run 1/10
INFO - Running compliance on file: /home/k.myeong-woo/github_samsung/training_results_v1.1_temp/Samsung/results/dgxa100_n128_pytorch/bert/result_0.txt
INFO -  Compliance checks: training_1.1.0/common.yaml
INFO -  Compliance checks: training_1.1.0/open_common.yaml
INFO -  Compliance checks: training_1.0.0/open_bert.yaml
INFO - ------------------------------
INFO - Run 2/10
INFO - Running compliance on file: /home/k.myeong-woo/github_samsung/training_results_v1.1_temp/Samsung/results/dgxa100_n128_pytorch/bert/result_1.txt
INFO -  Compliance checks: training_1.1.0/common.yaml
INFO -  Compliance checks: training_1.1.0/open_common.yaml
INFO -  Compliance checks: training_1.0.0/open_bert.yaml
INFO - ------------------------------
INFO - Run 3/10
INFO - Running compliance on file: /home/k.myeong-woo/github_samsung/training_results_v1.1_temp/Samsung/results/dgxa100_n128_pytorch/bert/result_2.txt
INFO -  Compliance checks: training_1.1.0/common.yaml
INFO -  Compliance checks: training_1.1.0/open_common.yaml
INFO -  Compliance checks: training_1.0.0/open_bert.yaml
INFO - ------------------------------
INFO - Run 4/10
INFO - Running compliance on file: /home/k.myeong-woo/github_samsung/training_results_v1.1_temp/Samsung/results/dgxa100_n128_pytorch/bert/result_3.txt
INFO -  Compliance checks: training_1.1.0/common.yaml
INFO -  Compliance checks: training_1.1.0/open_common.yaml
INFO -  Compliance checks: training_1.0.0/open_bert.yaml
INFO - ------------------------------
INFO - Run 5/10
INFO - Running compliance on file: /home/k.myeong-woo/github_samsung/training_results_v1.1_temp/Samsung/results/dgxa100_n128_pytorch/bert/result_4.txt
INFO -  Compliance checks: training_1.1.0/common.yaml
INFO -  Compliance checks: training_1.1.0/open_common.yaml
INFO -  Compliance checks: training_1.0.0/open_bert.yaml
INFO - ------------------------------
INFO - Run 6/10
INFO - Running compliance on file: /home/k.myeong-woo/github_samsung/training_results_v1.1_temp/Samsung/results/dgxa100_n128_pytorch/bert/result_5.txt
INFO -  Compliance checks: training_1.1.0/common.yaml
INFO -  Compliance checks: training_1.1.0/open_common.yaml
INFO -  Compliance checks: training_1.0.0/open_bert.yaml
INFO - ------------------------------
INFO - Run 7/10
INFO - Running compliance on file: /home/k.myeong-woo/github_samsung/training_results_v1.1_temp/Samsung/results/dgxa100_n128_pytorch/bert/result_6.txt
INFO -  Compliance checks: training_1.1.0/common.yaml
INFO -  Compliance checks: training_1.1.0/open_common.yaml
INFO -  Compliance checks: training_1.0.0/open_bert.yaml
INFO - ------------------------------
INFO - Run 8/10
INFO - Running compliance on file: /home/k.myeong-woo/github_samsung/training_results_v1.1_temp/Samsung/results/dgxa100_n128_pytorch/bert/result_7.txt
INFO -  Compliance checks: training_1.1.0/common.yaml
INFO -  Compliance checks: training_1.1.0/open_common.yaml
INFO -  Compliance checks: training_1.0.0/open_bert.yaml
INFO - ------------------------------
INFO - Run 9/10
INFO - Running compliance on file: /home/k.myeong-woo/github_samsung/training_results_v1.1_temp/Samsung/results/dgxa100_n128_pytorch/bert/result_8.txt
INFO -  Compliance checks: training_1.1.0/common.yaml
INFO -  Compliance checks: training_1.1.0/open_common.yaml
INFO -  Compliance checks: training_1.0.0/open_bert.yaml
INFO - ------------------------------
INFO - Run 10/10
INFO - Running compliance on file: /home/k.myeong-woo/github_samsung/training_results_v1.1_temp/Samsung/results/dgxa100_n128_pytorch/bert/result_9.txt
INFO -  Compliance checks: training_1.1.0/common.yaml
INFO -  Compliance checks: training_1.1.0/open_common.yaml
INFO -  Compliance checks: training_1.0.0/open_bert.yaml
INFO - ------------------------------
INFO - ------------------------------
INFO - PACKAGE CHECKER FOUND NO ERRORS, SUCCESS !
INFO - ------------------------------
